<?xml version="1.0" encoding="UTF-8"?>
<!-- Generated by org.testng.reporters.JUnitXMLReporter -->
<testsuite hostname="MAC-QXF171WVRX" failures="0" tests="3" name="demo" time="70.579" errors="0" timestamp="9 Apr 2025 15:24:39 GMT">
  <testcase classname="org.openlane.autohawk.testcases.HomeTest" name="login" time="6.896"/>
  <testcase classname="org.openlane.autohawk.testcases.HomeTest" name="verifyHomePageForOffsiteUser" time="29.132"/>
  <testcase classname="org.openlane.autohawk.testcases.HomeTest" name="verifyHomePageForOnsiteUser" time="6.697"/>
</testsuite> <!-- demo -->
