<?xml version="1.0" encoding="UTF-8"?>
<testng-results total="3" passed="3" failed="0" skipped="0">
  <reporter-output>
  </reporter-output>
  <suite started-at="2025-04-09T15:23:28Z" name="Test Suite" finished-at="2025-04-09T15:24:39Z" duration-ms="70579">
    <groups>
    </groups>
    <test started-at="2025-04-09T15:23:28Z" name="demo" finished-at="2025-04-09T15:24:39Z" duration-ms="70579">
      <class name="org.openlane.autohawk.testcases.HomeTest">
        <test-method is-config="true" signature="configureApppium()[pri:0, instance:org.openlane.autohawk.testcases.HomeTest@2c4ca0f9]" started-at="2025-04-09T20:53:28Z" name="configureApppium" finished-at="2025-04-09T20:53:53Z" duration-ms="25205" status="PASS">
          <reporter-output>
          </reporter-output>
        </test-method> <!-- configureApppium -->
        <test-method signature="login()[pri:1, instance:org.openlane.autohawk.testcases.HomeTest@2c4ca0f9]" started-at="2025-04-09T20:53:53Z" name="login" finished-at="2025-04-09T20:54:00Z" duration-ms="6896" status="PASS">
          <reporter-output>
          </reporter-output>
        </test-method> <!-- login -->
        <test-method signature="verifyHomePageForOffsiteUser()[pri:2, instance:org.openlane.autohawk.testcases.HomeTest@2c4ca0f9]" started-at="2025-04-09T20:54:01Z" name="verifyHomePageForOffsiteUser" finished-at="2025-04-09T20:54:30Z" duration-ms="29132" status="PASS">
          <reporter-output>
          </reporter-output>
        </test-method> <!-- verifyHomePageForOffsiteUser -->
        <test-method signature="verifyHomePageForOnsiteUser()[pri:3, instance:org.openlane.autohawk.testcases.HomeTest@2c4ca0f9]" started-at="2025-04-09T20:54:31Z" name="verifyHomePageForOnsiteUser" finished-at="2025-04-09T20:54:38Z" duration-ms="6697" status="PASS">
          <reporter-output>
          </reporter-output>
        </test-method> <!-- verifyHomePageForOnsiteUser -->
        <test-method is-config="true" signature="tearDown()[pri:0, instance:org.openlane.autohawk.testcases.HomeTest@2c4ca0f9]" started-at="2025-04-09T20:54:38Z" name="tearDown" finished-at="2025-04-09T20:54:39Z" duration-ms="591" status="PASS">
          <reporter-output>
          </reporter-output>
        </test-method> <!-- tearDown -->
      </class> <!-- org.openlane.autohawk.testcases.HomeTest -->
    </test> <!-- demo -->
  </suite> <!-- Test Suite -->
</testng-results>
